<?xml version="1.0" encoding="UTF-8"?>
<!-- Generated by org.testng.reporters.JUnitXMLReporter -->
<testsuite hostname="PushparajLaptop" ignored="0" name="resrAssuredTestCases" tests="2" failures="1" timestamp="06 Nov 2019 23:49:18 GMT" time="4.086" errors="0">
  <testcase name="getWeatherInfo" time="2.555" classname="restAssured_API_Automation_Pawan.restAssured_API_Automation_Pawan.Test01_GetRequest"/>
  <testcase name="googleMapTest" time="1.467" classname="restAssured_API_Automation_Pawan.restAssured_API_Automation_Pawan.Test03_GetRequest">
    <failure type="java.lang.ClassCastException" message="java.util.ArrayList cannot be cast to [[Ljava.lang.String;">
      <![CDATA[java.lang.ClassCastException: java.util.ArrayList cannot be cast to [[Ljava.lang.String;
at restAssured_API_Automation_Pawan.restAssured_API_Automation_Pawan.Test03_GetRequest.googleMapTest(Test03_GetRequest.java:31)
... Removed 25 stack frames]]>
    </failure>
  </testcase> <!-- googleMapTest -->
</testsuite> <!-- resrAssuredTestCases -->
