<?xml version="1.0" encoding="UTF-8"?>
<testng-results skipped="0" failed="0" ignored="0" total="1" passed="1">
  <reporter-output>
  </reporter-output>
  <suite name="Default suite" duration-ms="3884" started-at="2019-11-06T23:53:01Z" finished-at="2019-11-06T23:53:05Z">
    <groups>
    </groups>
    <test name="Default test" duration-ms="3884" started-at="2019-11-06T23:53:01Z" finished-at="2019-11-06T23:53:05Z">
      <class name="restAssured_API_Automation_Pawan.restAssured_API_Automation_Pawan.Test03_GetRequest">
        <test-method status="PASS" signature="googleMapTest()[pri:0, instance:restAssured_API_Automation_Pawan.restAssured_API_Automation_Pawan.Test03_GetRequest@26be92ad]" name="googleMapTest" duration-ms="3828" started-at="2019-11-06T23:53:01Z" finished-at="2019-11-06T23:53:05Z">
          <reporter-output>
          </reporter-output>
        </test-method> <!-- googleMapTest -->
      </class> <!-- restAssured_API_Automation_Pawan.restAssured_API_Automation_Pawan.Test03_GetRequest -->
    </test> <!-- Default test -->
  </suite> <!-- Default suite -->
</testng-results>
